<?xml version="1.0" encoding="UTF-8"?>
<robot generator="Robot 3.2.1 (Python 3.8.3 on win32)" generated="20210223 17:46:47.087" rpa="false">
<suite id="s1" name="TestCases" source="C:\Users\HOME\PycharmProjects\Training\Jenkins_UI\TestSuites\TestCases.robot">
<kw name="Open the Browser" library="Keywords" type="setup">
<kw name="Open Browser" library="SeleniumLibrary">
<doc>Opens a new browser instance to the optional ``url``.</doc>
<arguments>
<arg>${url}</arg>
<arg>${browser}</arg>
<arg>alias=Browser1</arg>
</arguments>
<msg timestamp="20210223 17:46:50.402" level="INFO">Opening browser 'chrome' to base url 'http://localhost:8080/login?from=%2F'.</msg>
<status status="PASS" starttime="20210223 17:46:50.402" endtime="20210223 17:47:11.930"></status>
</kw>
<status status="PASS" starttime="20210223 17:46:50.402" endtime="20210223 17:47:11.931"></status>
</kw>
<test id="s1-t1" name="TestCase1: Login">
<kw name="Maximize the Browser" library="Keywords">
<kw name="Maximize Browser Window" library="SeleniumLibrary">
<doc>Maximizes current browser window.</doc>
<status status="PASS" starttime="20210223 17:47:11.936" endtime="20210223 17:47:12.165"></status>
</kw>
<status status="PASS" starttime="20210223 17:47:11.935" endtime="20210223 17:47:12.165"></status>
</kw>
<kw name="Set Implicit Time" library="Keywords">
<kw name="Set Selenium Implicit Wait" library="SeleniumLibrary">
<doc>Sets the implicit wait value used by Selenium.</doc>
<arguments>
<arg>15 seconds</arg>
</arguments>
<status status="PASS" starttime="20210223 17:47:12.166" endtime="20210223 17:47:12.171"></status>
</kw>
<status status="PASS" starttime="20210223 17:47:12.166" endtime="20210223 17:47:12.171"></status>
</kw>
<kw name="Getting Decrypted Text" library="Keywords">
<kw name="Get Decrypted Text" library="CryptoLibrary">
<doc>Decrypts cipher text and returns the plain text.</doc>
<arguments>
<arg>${enc_user}</arg>
</arguments>
<assign>
<var>${user}</var>
</assign>
<msg timestamp="20210223 17:47:12.173" level="INFO">Decrypting text and return value.</msg>
<msg timestamp="20210223 17:47:13.431" level="INFO">${user} = ***</msg>
<status status="PASS" starttime="20210223 17:47:12.172" endtime="20210223 17:47:13.431"></status>
</kw>
<kw name="Set Test Variable" library="BuiltIn">
<doc>Makes a variable available everywhere within the scope of the current test.</doc>
<arguments>
<arg>${user}</arg>
</arguments>
<msg timestamp="20210223 17:47:13.431" level="INFO">${user} = ***</msg>
<status status="PASS" starttime="20210223 17:47:13.431" endtime="20210223 17:47:13.431"></status>
</kw>
<kw name="Get Decrypted Text" library="CryptoLibrary">
<doc>Decrypts cipher text and returns the plain text.</doc>
<arguments>
<arg>${enc_pwd}</arg>
</arguments>
<assign>
<var>${password}</var>
</assign>
<msg timestamp="20210223 17:47:13.431" level="INFO">Decrypting text and return value.</msg>
<msg timestamp="20210223 17:47:13.431" level="INFO">${password} = ***</msg>
<status status="PASS" starttime="20210223 17:47:13.431" endtime="20210223 17:47:13.431"></status>
</kw>
<kw name="Set Test Variable" library="BuiltIn">
<doc>Makes a variable available everywhere within the scope of the current test.</doc>
<arguments>
<arg>${password}</arg>
</arguments>
<msg timestamp="20210223 17:47:13.431" level="INFO">${password} = ***</msg>
<status status="PASS" starttime="20210223 17:47:13.431" endtime="20210223 17:47:13.431"></status>
</kw>
<kw name="Get Decrypted Text" library="CryptoLibrary">
<doc>Decrypts cipher text and returns the plain text.</doc>
<arguments>
<arg>${wrong_pwd}</arg>
</arguments>
<assign>
<var>${password1}</var>
</assign>
<msg timestamp="20210223 17:47:13.431" level="INFO">Decrypting text and return value.</msg>
<msg timestamp="20210223 17:47:13.431" level="INFO">${password1} = ***</msg>
<status status="PASS" starttime="20210223 17:47:13.431" endtime="20210223 17:47:13.431"></status>
</kw>
<kw name="Set Test Variable" library="BuiltIn">
<doc>Makes a variable available everywhere within the scope of the current test.</doc>
<arguments>
<arg>${password1}</arg>
</arguments>
<msg timestamp="20210223 17:47:13.447" level="INFO">${password1} = ***</msg>
<status status="PASS" starttime="20210223 17:47:13.447" endtime="20210223 17:47:13.447"></status>
</kw>
<status status="PASS" starttime="20210223 17:47:12.172" endtime="20210223 17:47:13.447"></status>
</kw>
<kw name="Login with Credentials" library="Keywords">
<kw name="Call Method" library="BuiltIn">
<doc>Calls the named method of the given object with the provided arguments.</doc>
<arguments>
<arg>${e}</arg>
<arg>get_username_name</arg>
</arguments>
<assign>
<var>${username}</var>
</assign>
<msg timestamp="20210223 17:47:13.447" level="INFO">${username} = j_username</msg>
<status status="PASS" starttime="20210223 17:47:13.447" endtime="20210223 17:47:13.447"></status>
</kw>
<kw name="Input Text" library="SeleniumLibrary">
<doc>Types the given ``text`` into the text field identified by ``locator``.</doc>
<arguments>
<arg>name:${username}</arg>
<arg>${user}</arg>
</arguments>
<msg timestamp="20210223 17:47:13.455" level="INFO">Typing text '***' into text field 'name:j_username'.</msg>
<status status="PASS" starttime="20210223 17:47:13.454" endtime="20210223 17:47:17.085"></status>
</kw>
<kw name="Call Method" library="BuiltIn">
<doc>Calls the named method of the given object with the provided arguments.</doc>
<arguments>
<arg>${e}</arg>
<arg>get_password_name</arg>
</arguments>
<assign>
<var>${passwrd}</var>
</assign>
<msg timestamp="20210223 17:47:17.085" level="INFO">${passwrd} = j_password</msg>
<status status="PASS" starttime="20210223 17:47:17.085" endtime="20210223 17:47:17.085"></status>
</kw>
<kw name="Input Text" library="SeleniumLibrary">
<doc>Types the given ``text`` into the text field identified by ``locator``.</doc>
<arguments>
<arg>name:${passwrd}</arg>
<arg>${password}</arg>
</arguments>
<msg timestamp="20210223 17:47:17.093" level="INFO">Typing text '***' into text field 'name:j_password'.</msg>
<status status="PASS" starttime="20210223 17:47:17.085" endtime="20210223 17:47:17.441"></status>
</kw>
<kw name="Call Method" library="BuiltIn">
<doc>Calls the named method of the given object with the provided arguments.</doc>
<arguments>
<arg>${e}</arg>
<arg>get_signIn_name</arg>
</arguments>
<assign>
<var>${signin}</var>
</assign>
<msg timestamp="20210223 17:47:17.441" level="INFO">${signin} = Submit</msg>
<status status="PASS" starttime="20210223 17:47:17.441" endtime="20210223 17:47:17.442"></status>
</kw>
<kw name="Click Element" library="SeleniumLibrary">
<doc>Click the element identified by ``locator``.</doc>
<arguments>
<arg>name:${signin}</arg>
</arguments>
<msg timestamp="20210223 17:47:17.442" level="INFO">Clicking element 'name:Submit'.</msg>
<status status="PASS" starttime="20210223 17:47:17.442" endtime="20210223 17:47:47.040"></status>
</kw>
<status status="PASS" starttime="20210223 17:47:13.447" endtime="20210223 17:47:47.041"></status>
</kw>
<kw name="Validating the Title of the Page" library="Keywords">
<kw name="Page Should Contain" library="SeleniumLibrary">
<doc>Verifies that current page contains ``text``.</doc>
<arguments>
<arg>${title1}</arg>
</arguments>
<msg timestamp="20210223 17:47:47.093" level="INFO">Current page contains text 'Dashboard [Jenkins]'.</msg>
<status status="PASS" starttime="20210223 17:47:47.042" endtime="20210223 17:47:47.093"></status>
</kw>
<kw name="Sleep" library="BuiltIn">
<doc>Pauses the test executed for the given time.</doc>
<arguments>
<arg>2</arg>
</arguments>
<msg timestamp="20210223 17:47:49.095" level="INFO">Slept 2 seconds</msg>
<status status="PASS" starttime="20210223 17:47:47.093" endtime="20210223 17:47:49.095"></status>
</kw>
<status status="PASS" starttime="20210223 17:47:47.041" endtime="20210223 17:47:49.095"></status>
</kw>
<doc>This testcase validates the sign in scenario on Jenkins UI Page</doc>
<tags>
<tag>Login</tag>
</tags>
<status status="PASS" starttime="20210223 17:47:11.932" endtime="20210223 17:47:49.095" critical="yes"></status>
</test>
<test id="s1-t2" name="TestCase2: New Item">
<kw name="Selecting the Job" library="Keywords">
<kw name="Call Method" library="BuiltIn">
<doc>Calls the named method of the given object with the provided arguments.</doc>
<arguments>
<arg>${e}</arg>
<arg>get_job_xpath</arg>
</arguments>
<assign>
<var>${jobname}</var>
</assign>
<msg timestamp="20210223 17:47:49.095" level="INFO">${jobname} = //tbody/tr[@id='job_Demo_Job']/td[3]/a[1]</msg>
<status status="PASS" starttime="20210223 17:47:49.095" endtime="20210223 17:47:49.095"></status>
</kw>
<kw name="Click Element" library="SeleniumLibrary">
<doc>Click the element identified by ``locator``.</doc>
<arguments>
<arg>xpath:${jobname}</arg>
</arguments>
<msg timestamp="20210223 17:47:49.095" level="INFO">Clicking element 'xpath://tbody/tr[@id='job_Demo_Job']/td[3]/a[1]'.</msg>
<status status="PASS" starttime="20210223 17:47:49.095" endtime="20210223 17:47:50.604"></status>
</kw>
<kw name="Page Should Contain" library="SeleniumLibrary">
<doc>Verifies that current page contains ``text``.</doc>
<arguments>
<arg>${title2}</arg>
</arguments>
<msg timestamp="20210223 17:47:50.644" level="INFO">Current page contains text 'Demo_Job [Jenkins]'.</msg>
<status status="PASS" starttime="20210223 17:47:50.604" endtime="20210223 17:47:50.645"></status>
</kw>
<kw name="Sleep" library="BuiltIn">
<doc>Pauses the test executed for the given time.</doc>
<arguments>
<arg>2</arg>
</arguments>
<msg timestamp="20210223 17:47:52.647" level="INFO">Slept 2 seconds</msg>
<status status="PASS" starttime="20210223 17:47:50.645" endtime="20210223 17:47:52.647"></status>
</kw>
<status status="PASS" starttime="20210223 17:47:49.095" endtime="20210223 17:47:52.648"></status>
</kw>
<kw name="Deleting the Job" library="Keywords">
<kw name="Call Method" library="BuiltIn">
<doc>Calls the named method of the given object with the provided arguments.</doc>
<arguments>
<arg>${e}</arg>
<arg>get_delete_xpath</arg>
</arguments>
<assign>
<var>${deletexpath}</var>
</assign>
<msg timestamp="20210223 17:47:52.650" level="INFO">${deletexpath} = //span[contains(text(),'Delete Project')]</msg>
<status status="PASS" starttime="20210223 17:47:52.649" endtime="20210223 17:47:52.650"></status>
</kw>
<kw name="Click Element" library="SeleniumLibrary">
<doc>Click the element identified by ``locator``.</doc>
<arguments>
<arg>xpath:${deletexpath}</arg>
</arguments>
<msg timestamp="20210223 17:47:52.651" level="INFO">Clicking element 'xpath://span[contains(text(),'Delete Project')]'.</msg>
<status status="PASS" starttime="20210223 17:47:52.650" endtime="20210223 17:47:52.747"></status>
</kw>
<kw name="Sleep" library="BuiltIn">
<doc>Pauses the test executed for the given time.</doc>
<arguments>
<arg>3</arg>
</arguments>
<msg timestamp="20210223 17:47:55.749" level="INFO">Slept 3 seconds</msg>
<status status="PASS" starttime="20210223 17:47:52.748" endtime="20210223 17:47:55.750"></status>
</kw>
<kw name="Handle Alert" library="SeleniumLibrary">
<doc>Handles the current alert and returns its message.</doc>
<arguments>
<arg>accept</arg>
</arguments>
<status status="PASS" starttime="20210223 17:47:55.750" endtime="20210223 17:47:55.816"></status>
</kw>
<kw name="Sleep" library="BuiltIn">
<doc>Pauses the test executed for the given time.</doc>
<arguments>
<arg>2</arg>
</arguments>
<msg timestamp="20210223 17:47:57.820" level="INFO">Slept 2 seconds</msg>
<status status="PASS" starttime="20210223 17:47:55.816" endtime="20210223 17:47:57.821"></status>
</kw>
<status status="PASS" starttime="20210223 17:47:52.649" endtime="20210223 17:47:57.821"></status>
</kw>
<kw name="Creating New Job" library="Keywords">
<kw name="Call Method" library="BuiltIn">
<doc>Calls the named method of the given object with the provided arguments.</doc>
<arguments>
<arg>${e}</arg>
<arg>get_newitem_classname</arg>
</arguments>
<assign>
<var>${newitem}</var>
</assign>
<msg timestamp="20210223 17:47:57.826" level="INFO">${newitem} = task-link-text</msg>
<status status="PASS" starttime="20210223 17:47:57.825" endtime="20210223 17:47:57.827"></status>
</kw>
<kw name="Click Element" library="SeleniumLibrary">
<doc>Click the element identified by ``locator``.</doc>
<arguments>
<arg>class:${newitem}</arg>
</arguments>
<msg timestamp="20210223 17:47:57.829" level="INFO">Clicking element 'class:task-link-text'.</msg>
<status status="PASS" starttime="20210223 17:47:57.828" endtime="20210223 17:48:03.271"></status>
</kw>
<kw name="Call Method" library="BuiltIn">
<doc>Calls the named method of the given object with the provided arguments.</doc>
<arguments>
<arg>${e}</arg>
<arg>get_projectname_id</arg>
</arguments>
<assign>
<var>${text}</var>
</assign>
<msg timestamp="20210223 17:48:03.272" level="INFO">${text} = name</msg>
<status status="PASS" starttime="20210223 17:48:03.272" endtime="20210223 17:48:03.272"></status>
</kw>
<kw name="Input Text" library="SeleniumLibrary">
<doc>Types the given ``text`` into the text field identified by ``locator``.</doc>
<arguments>
<arg>id:${text}</arg>
<arg>Demo_Job</arg>
</arguments>
<msg timestamp="20210223 17:48:03.273" level="INFO">Typing text 'Demo_Job' into text field 'id:name'.</msg>
<status status="PASS" starttime="20210223 17:48:03.272" endtime="20210223 17:48:04.520"></status>
</kw>
<kw name="Call Method" library="BuiltIn">
<doc>Calls the named method of the given object with the provided arguments.</doc>
<arguments>
<arg>${e}</arg>
<arg>get_projecttype_classname</arg>
</arguments>
<assign>
<var>${type}</var>
</assign>
<msg timestamp="20210223 17:48:04.521" level="INFO">${type} = hudson_model_FreeStyleProject</msg>
<status status="PASS" starttime="20210223 17:48:04.520" endtime="20210223 17:48:04.521"></status>
</kw>
<kw name="Click Element" library="SeleniumLibrary">
<doc>Click the element identified by ``locator``.</doc>
<arguments>
<arg>class:${type}</arg>
</arguments>
<msg timestamp="20210223 17:48:04.521" level="INFO">Clicking element 'class:hudson_model_FreeStyleProject'.</msg>
<status status="PASS" starttime="20210223 17:48:04.521" endtime="20210223 17:48:04.660"></status>
</kw>
<kw name="Call Method" library="BuiltIn">
<doc>Calls the named method of the given object with the provided arguments.</doc>
<arguments>
<arg>${e}</arg>
<arg>get_okbutton_id</arg>
</arguments>
<assign>
<var>${button}</var>
</assign>
<msg timestamp="20210223 17:48:04.661" level="INFO">${button} = ok-button</msg>
<status status="PASS" starttime="20210223 17:48:04.660" endtime="20210223 17:48:04.661"></status>
</kw>
<kw name="Click Element" library="SeleniumLibrary">
<doc>Click the element identified by ``locator``.</doc>
<arguments>
<arg>id:${button}</arg>
</arguments>
<msg timestamp="20210223 17:48:04.662" level="INFO">Clicking element 'id:ok-button'.</msg>
<status status="PASS" starttime="20210223 17:48:04.661" endtime="20210223 17:49:13.136"></status>
</kw>
<kw name="Call Method" library="BuiltIn">
<doc>Calls the named method of the given object with the provided arguments.</doc>
<arguments>
<arg>${e}</arg>
<arg>get_description_name</arg>
</arguments>
<assign>
<var>${desc}</var>
</assign>
<msg timestamp="20210223 17:49:13.138" level="INFO">${desc} = description</msg>
<status status="PASS" starttime="20210223 17:49:13.137" endtime="20210223 17:49:13.138"></status>
</kw>
<kw name="Input Text" library="SeleniumLibrary">
<doc>Types the given ``text`` into the text field identified by ``locator``.</doc>
<arguments>
<arg>name:${desc}</arg>
<arg>${description}</arg>
</arguments>
<msg timestamp="20210223 17:49:13.139" level="INFO">Typing text 'This is a demo job created for testing' into text field 'name:description'.</msg>
<status status="PASS" starttime="20210223 17:49:13.138" endtime="20210223 17:49:13.488"></status>
</kw>
<kw name="Execute Javascript" library="SeleniumLibrary">
<doc>Executes the given JavaScript code with possible arguments.</doc>
<arguments>
<arg>window.scrollTo(0,document.body.scrollHeight)</arg>
</arguments>
<msg timestamp="20210223 17:49:13.489" level="INFO">Executing JavaScript:
window.scrollTo(0,document.body.scrollHeight)
Without any arguments.</msg>
<status status="PASS" starttime="20210223 17:49:13.489" endtime="20210223 17:49:13.585"></status>
</kw>
<kw name="Sleep" library="BuiltIn">
<doc>Pauses the test executed for the given time.</doc>
<arguments>
<arg>2</arg>
</arguments>
<msg timestamp="20210223 17:49:15.593" level="INFO">Slept 2 seconds</msg>
<status status="PASS" starttime="20210223 17:49:13.585" endtime="20210223 17:49:15.593"></status>
</kw>
<kw name="Call Method" library="BuiltIn">
<doc>Calls the named method of the given object with the provided arguments.</doc>
<arguments>
<arg>${e}</arg>
<arg>get_buildstep_xpath</arg>
</arguments>
<assign>
<var>${buildbutton}</var>
</assign>
<msg timestamp="20210223 17:49:15.594" level="INFO">${buildbutton} = //body[1]/div[5]/div[1]/div[1]/div[1]/div[1]/form[1]/table[1]/tbody[1]/tr[200]/td[1]/div[1]/div[2]/span[1]/span[1]/button[1]</msg>
<status status="PASS" starttime="20210223 17:49:15.594" endtime="20210223 17:49:15.594"></status>
</kw>
<kw name="Click Element" library="SeleniumLibrary">
<doc>Click the element identified by ``locator``.</doc>
<arguments>
<arg>xpath:${buildbutton}</arg>
</arguments>
<msg timestamp="20210223 17:49:15.595" level="INFO">Clicking element 'xpath://body[1]/div[5]/div[1]/div[1]/div[1]/div[1]/form[1]/table[1]/tbody[1]/tr[200]/td[1]/div[1]/div[2]/span[1]/span[1]/button[1]'.</msg>
<status status="PASS" starttime="20210223 17:49:15.595" endtime="20210223 17:49:15.736"></status>
</kw>
<kw name="Call Method" library="BuiltIn">
<doc>Calls the named method of the given object with the provided arguments.</doc>
<arguments>
<arg>${e}</arg>
<arg>get_commandtype_linktext</arg>
</arguments>
<assign>
<var>${linktext}</var>
</assign>
<msg timestamp="20210223 17:49:15.737" level="INFO">${linktext} = Execute Windows batch command</msg>
<status status="PASS" starttime="20210223 17:49:15.737" endtime="20210223 17:49:15.738"></status>
</kw>
<kw name="Click Link" library="SeleniumLibrary">
<doc>Clicks a link identified by ``locator``.</doc>
<arguments>
<arg>link:${linktext}</arg>
</arguments>
<msg timestamp="20210223 17:49:15.739" level="INFO">Clicking link 'link:Execute Windows batch command'.</msg>
<status status="PASS" starttime="20210223 17:49:15.738" endtime="20210223 17:49:16.068"></status>
</kw>
<kw name="Call Method" library="BuiltIn">
<doc>Calls the named method of the given object with the provided arguments.</doc>
<arguments>
<arg>${e}</arg>
<arg>get_command_name</arg>
</arguments>
<assign>
<var>${commandbutton}</var>
</assign>
<msg timestamp="20210223 17:49:16.069" level="INFO">${commandbutton} = command</msg>
<status status="PASS" starttime="20210223 17:49:16.069" endtime="20210223 17:49:16.069"></status>
</kw>
<kw name="Input Text" library="SeleniumLibrary">
<doc>Types the given ``text`` into the text field identified by ``locator``.</doc>
<arguments>
<arg>name:${commandbutton}</arg>
<arg>${command}</arg>
</arguments>
<msg timestamp="20210223 17:49:16.070" level="INFO">Typing text 'echo "Job triggered at %date% : %time%"' into text field 'name:command'.</msg>
<status status="PASS" starttime="20210223 17:49:16.070" endtime="20210223 17:49:16.753"></status>
</kw>
<kw name="Call Method" library="BuiltIn">
<doc>Calls the named method of the given object with the provided arguments.</doc>
<arguments>
<arg>${e}</arg>
<arg>get_savebutton_xpath</arg>
</arguments>
<assign>
<var>${savebutton}</var>
</assign>
<msg timestamp="20210223 17:49:16.754" level="INFO">${savebutton} = //button[contains(text(),'Save')]</msg>
<status status="PASS" starttime="20210223 17:49:16.753" endtime="20210223 17:49:16.754"></status>
</kw>
<kw name="Click Element" library="SeleniumLibrary">
<doc>Click the element identified by ``locator``.</doc>
<arguments>
<arg>xpath:${savebutton}</arg>
</arguments>
<msg timestamp="20210223 17:49:16.755" level="INFO">Clicking element 'xpath://button[contains(text(),'Save')]'.</msg>
<status status="PASS" starttime="20210223 17:49:16.754" endtime="20210223 17:49:23.450"></status>
</kw>
<kw name="Sleep" library="BuiltIn">
<doc>Pauses the test executed for the given time.</doc>
<arguments>
<arg>5</arg>
</arguments>
<msg timestamp="20210223 17:49:28.460" level="INFO">Slept 5 seconds</msg>
<status status="PASS" starttime="20210223 17:49:23.450" endtime="20210223 17:49:28.460"></status>
</kw>
<status status="PASS" starttime="20210223 17:47:57.823" endtime="20210223 17:49:28.460"></status>
</kw>
<doc>This testcase validates the creation of new job scenario on Jenkins UI Page</doc>
<tags>
<tag>NewItem</tag>
</tags>
<status status="PASS" starttime="20210223 17:47:49.095" endtime="20210223 17:49:28.460" critical="yes"></status>
</test>
<test id="s1-t3" name="TestCase3: Trigger Build">
<kw name="Switching to New Window" library="Keywords">
<kw name="Execute Javascript" library="SeleniumLibrary">
<doc>Executes the given JavaScript code with possible arguments.</doc>
<arguments>
<arg>window.open()</arg>
</arguments>
<msg timestamp="20210223 17:49:28.460" level="INFO">Executing JavaScript:
window.open()
Without any arguments.</msg>
<status status="PASS" starttime="20210223 17:49:28.460" endtime="20210223 17:49:28.587"></status>
</kw>
<kw name="Switch Window" library="SeleniumLibrary">
<doc>Switches to browser window matching ``locator``.</doc>
<arguments>
<arg>locator=NEW</arg>
</arguments>
<status status="PASS" starttime="20210223 17:49:28.588" endtime="20210223 17:49:28.625"></status>
</kw>
<kw name="Go To" library="SeleniumLibrary">
<doc>Navigates the current browser window to the provided ``url``.</doc>
<arguments>
<arg>${url}</arg>
</arguments>
<msg timestamp="20210223 17:49:28.626" level="INFO">Opening url 'http://localhost:8080/login?from=%2F'</msg>
<status status="PASS" starttime="20210223 17:49:28.625" endtime="20210223 17:49:29.144"></status>
</kw>
<status status="PASS" starttime="20210223 17:49:28.460" endtime="20210223 17:49:29.145"></status>
</kw>
<kw name="Getting Decrypted Text" library="Keywords">
<kw name="Get Decrypted Text" library="CryptoLibrary">
<doc>Decrypts cipher text and returns the plain text.</doc>
<arguments>
<arg>${enc_user}</arg>
</arguments>
<assign>
<var>${user}</var>
</assign>
<msg timestamp="20210223 17:49:29.148" level="INFO">Decrypting text and return value.</msg>
<msg timestamp="20210223 17:49:29.149" level="INFO">${user} = ***</msg>
<status status="PASS" starttime="20210223 17:49:29.147" endtime="20210223 17:49:29.150"></status>
</kw>
<kw name="Set Test Variable" library="BuiltIn">
<doc>Makes a variable available everywhere within the scope of the current test.</doc>
<arguments>
<arg>${user}</arg>
</arguments>
<msg timestamp="20210223 17:49:29.151" level="INFO">${user} = ***</msg>
<status status="PASS" starttime="20210223 17:49:29.150" endtime="20210223 17:49:29.152"></status>
</kw>
<kw name="Get Decrypted Text" library="CryptoLibrary">
<doc>Decrypts cipher text and returns the plain text.</doc>
<arguments>
<arg>${enc_pwd}</arg>
</arguments>
<assign>
<var>${password}</var>
</assign>
<msg timestamp="20210223 17:49:29.153" level="INFO">Decrypting text and return value.</msg>
<msg timestamp="20210223 17:49:29.154" level="INFO">${password} = ***</msg>
<status status="PASS" starttime="20210223 17:49:29.152" endtime="20210223 17:49:29.155"></status>
</kw>
<kw name="Set Test Variable" library="BuiltIn">
<doc>Makes a variable available everywhere within the scope of the current test.</doc>
<arguments>
<arg>${password}</arg>
</arguments>
<msg timestamp="20210223 17:49:29.156" level="INFO">${password} = ***</msg>
<status status="PASS" starttime="20210223 17:49:29.155" endtime="20210223 17:49:29.157"></status>
</kw>
<kw name="Get Decrypted Text" library="CryptoLibrary">
<doc>Decrypts cipher text and returns the plain text.</doc>
<arguments>
<arg>${wrong_pwd}</arg>
</arguments>
<assign>
<var>${password1}</var>
</assign>
<msg timestamp="20210223 17:49:29.157" level="INFO">Decrypting text and return value.</msg>
<msg timestamp="20210223 17:49:29.158" level="INFO">${password1} = ***</msg>
<status status="PASS" starttime="20210223 17:49:29.157" endtime="20210223 17:49:29.159"></status>
</kw>
<kw name="Set Test Variable" library="BuiltIn">
<doc>Makes a variable available everywhere within the scope of the current test.</doc>
<arguments>
<arg>${password1}</arg>
</arguments>
<msg timestamp="20210223 17:49:29.161" level="INFO">${password1} = ***</msg>
<status status="PASS" starttime="20210223 17:49:29.160" endtime="20210223 17:49:29.161"></status>
</kw>
<status status="PASS" starttime="20210223 17:49:29.146" endtime="20210223 17:49:29.161"></status>
</kw>
<kw name="Login with Credentials" library="Keywords">
<kw name="Call Method" library="BuiltIn">
<doc>Calls the named method of the given object with the provided arguments.</doc>
<arguments>
<arg>${e}</arg>
<arg>get_username_name</arg>
</arguments>
<assign>
<var>${username}</var>
</assign>
<msg timestamp="20210223 17:49:29.164" level="INFO">${username} = j_username</msg>
<status status="PASS" starttime="20210223 17:49:29.163" endtime="20210223 17:49:29.164"></status>
</kw>
<kw name="Input Text" library="SeleniumLibrary">
<doc>Types the given ``text`` into the text field identified by ``locator``.</doc>
<arguments>
<arg>name:${username}</arg>
<arg>${user}</arg>
</arguments>
<msg timestamp="20210223 17:49:29.168" level="INFO">Typing text '***' into text field 'name:j_username'.</msg>
<status status="PASS" starttime="20210223 17:49:29.165" endtime="20210223 17:49:29.344"></status>
</kw>
<kw name="Call Method" library="BuiltIn">
<doc>Calls the named method of the given object with the provided arguments.</doc>
<arguments>
<arg>${e}</arg>
<arg>get_password_name</arg>
</arguments>
<assign>
<var>${passwrd}</var>
</assign>
<msg timestamp="20210223 17:49:29.346" level="INFO">${passwrd} = j_password</msg>
<status status="PASS" starttime="20210223 17:49:29.345" endtime="20210223 17:49:29.346"></status>
</kw>
<kw name="Input Text" library="SeleniumLibrary">
<doc>Types the given ``text`` into the text field identified by ``locator``.</doc>
<arguments>
<arg>name:${passwrd}</arg>
<arg>${password}</arg>
</arguments>
<msg timestamp="20210223 17:49:29.347" level="INFO">Typing text '***' into text field 'name:j_password'.</msg>
<status status="PASS" starttime="20210223 17:49:29.346" endtime="20210223 17:49:29.529"></status>
</kw>
<kw name="Call Method" library="BuiltIn">
<doc>Calls the named method of the given object with the provided arguments.</doc>
<arguments>
<arg>${e}</arg>
<arg>get_signIn_name</arg>
</arguments>
<assign>
<var>${signin}</var>
</assign>
<msg timestamp="20210223 17:49:29.531" level="INFO">${signin} = Submit</msg>
<status status="PASS" starttime="20210223 17:49:29.530" endtime="20210223 17:49:29.531"></status>
</kw>
<kw name="Click Element" library="SeleniumLibrary">
<doc>Click the element identified by ``locator``.</doc>
<arguments>
<arg>name:${signin}</arg>
</arguments>
<msg timestamp="20210223 17:49:29.531" level="INFO">Clicking element 'name:Submit'.</msg>
<status status="PASS" starttime="20210223 17:49:29.531" endtime="20210223 17:49:31.649"></status>
</kw>
<status status="PASS" starttime="20210223 17:49:29.162" endtime="20210223 17:49:31.650"></status>
</kw>
<kw name="Selecting the Job" library="Keywords">
<kw name="Call Method" library="BuiltIn">
<doc>Calls the named method of the given object with the provided arguments.</doc>
<arguments>
<arg>${e}</arg>
<arg>get_job_xpath</arg>
</arguments>
<assign>
<var>${jobname}</var>
</assign>
<msg timestamp="20210223 17:49:31.652" level="INFO">${jobname} = //tbody/tr[@id='job_Demo_Job']/td[3]/a[1]</msg>
<status status="PASS" starttime="20210223 17:49:31.651" endtime="20210223 17:49:31.653"></status>
</kw>
<kw name="Click Element" library="SeleniumLibrary">
<doc>Click the element identified by ``locator``.</doc>
<arguments>
<arg>xpath:${jobname}</arg>
</arguments>
<msg timestamp="20210223 17:49:31.655" level="INFO">Clicking element 'xpath://tbody/tr[@id='job_Demo_Job']/td[3]/a[1]'.</msg>
<status status="PASS" starttime="20210223 17:49:31.653" endtime="20210223 17:49:32.455"></status>
</kw>
<kw name="Page Should Contain" library="SeleniumLibrary">
<doc>Verifies that current page contains ``text``.</doc>
<arguments>
<arg>${title2}</arg>
</arguments>
<msg timestamp="20210223 17:49:32.494" level="INFO">Current page contains text 'Demo_Job [Jenkins]'.</msg>
<status status="PASS" starttime="20210223 17:49:32.456" endtime="20210223 17:49:32.494"></status>
</kw>
<kw name="Sleep" library="BuiltIn">
<doc>Pauses the test executed for the given time.</doc>
<arguments>
<arg>2</arg>
</arguments>
<msg timestamp="20210223 17:49:34.504" level="INFO">Slept 2 seconds</msg>
<status status="PASS" starttime="20210223 17:49:32.495" endtime="20210223 17:49:34.504"></status>
</kw>
<status status="PASS" starttime="20210223 17:49:31.650" endtime="20210223 17:49:34.504"></status>
</kw>
<kw name="Triggering the Build" library="Keywords">
<kw name="Call Method" library="BuiltIn">
<doc>Calls the named method of the given object with the provided arguments.</doc>
<arguments>
<arg>${e}</arg>
<arg>get_build_xpath</arg>
</arguments>
<assign>
<var>${buildxpath}</var>
</assign>
<msg timestamp="20210223 17:49:34.504" level="INFO">${buildxpath} = //span[contains(text(),'Build Now')]</msg>
<status status="PASS" starttime="20210223 17:49:34.504" endtime="20210223 17:49:34.504"></status>
</kw>
<kw name="Click Element" library="SeleniumLibrary">
<doc>Click the element identified by ``locator``.</doc>
<arguments>
<arg>xpath:${buildxpath}</arg>
</arguments>
<msg timestamp="20210223 17:49:34.504" level="INFO">Clicking element 'xpath://span[contains(text(),'Build Now')]'.</msg>
<status status="PASS" starttime="20210223 17:49:34.504" endtime="20210223 17:49:34.624"></status>
</kw>
<kw name="Sleep" library="BuiltIn">
<doc>Pauses the test executed for the given time.</doc>
<arguments>
<arg>15</arg>
</arguments>
<msg timestamp="20210223 17:49:49.626" level="INFO">Slept 15 seconds</msg>
<status status="PASS" starttime="20210223 17:49:34.624" endtime="20210223 17:49:49.628"></status>
</kw>
<kw name="Reload Page" library="SeleniumLibrary">
<doc>Simulates user reloading page.</doc>
<status status="PASS" starttime="20210223 17:49:49.629" endtime="20210223 17:49:56.304"></status>
</kw>
<kw name="Call Method" library="BuiltIn">
<doc>Calls the named method of the given object with the provided arguments.</doc>
<arguments>
<arg>${e}</arg>
<arg>get_lastbuild_xpath</arg>
</arguments>
<assign>
<var>${lastbuild}</var>
</assign>
<msg timestamp="20210223 17:49:56.308" level="INFO">${lastbuild} = //a[contains(text(),'Last build')]</msg>
<status status="PASS" starttime="20210223 17:49:56.304" endtime="20210223 17:49:56.309"></status>
</kw>
<kw name="Click Element" library="SeleniumLibrary">
<doc>Click the element identified by ``locator``.</doc>
<arguments>
<arg>xpath:${lastbuild}</arg>
</arguments>
<msg timestamp="20210223 17:49:56.311" level="INFO">Clicking element 'xpath://a[contains(text(),'Last build')]'.</msg>
<status status="PASS" starttime="20210223 17:49:56.309" endtime="20210223 17:49:57.986"></status>
</kw>
<kw name="Call Method" library="BuiltIn">
<doc>Calls the named method of the given object with the provided arguments.</doc>
<arguments>
<arg>${e}</arg>
<arg>get_consoleoutput_xpath</arg>
</arguments>
<assign>
<var>${consoleoutput}</var>
</assign>
<msg timestamp="20210223 17:49:57.987" level="INFO">${consoleoutput} = //span[contains(text(),'Console Output')]</msg>
<status status="PASS" starttime="20210223 17:49:57.986" endtime="20210223 17:49:57.987"></status>
</kw>
<kw name="Click Element" library="SeleniumLibrary">
<doc>Click the element identified by ``locator``.</doc>
<arguments>
<arg>xpath:${consoleoutput}</arg>
</arguments>
<msg timestamp="20210223 17:49:57.987" level="INFO">Clicking element 'xpath://span[contains(text(),'Console Output')]'.</msg>
<status status="PASS" starttime="20210223 17:49:57.987" endtime="20210223 17:50:01.146"></status>
</kw>
<kw name="Call Method" library="BuiltIn">
<doc>Calls the named method of the given object with the provided arguments.</doc>
<arguments>
<arg>${e}</arg>
<arg>get_consoleoutputtext_xpath</arg>
</arguments>
<assign>
<var>${outputtext}</var>
</assign>
<msg timestamp="20210223 17:50:01.149" level="INFO">${outputtext} = //body[1]/div[4]/div[2]/pre[1]</msg>
<status status="PASS" starttime="20210223 17:50:01.146" endtime="20210223 17:50:01.149"></status>
</kw>
<kw name="Get Text" library="SeleniumLibrary">
<doc>Returns the text value of the element identified by ``locator``.</doc>
<arguments>
<arg>xpath:${outputtext}</arg>
</arguments>
<assign>
<var>${finalstatus}</var>
</assign>
<msg timestamp="20210223 17:50:01.252" level="INFO">${finalstatus} = Started by user ***
Running as SYSTEM
Building in workspace C:\Users\HOME\.jenkins\workspace\Demo_Job
[Demo_Job] $ cmd /c call C:\Users\HOME\AppData\Local\Temp\jenkins15847190891141659720.bat

C:\Us...</msg>
<status status="PASS" starttime="20210223 17:50:01.149" endtime="20210223 17:50:01.252"></status>
</kw>
<kw name="Log" library="BuiltIn">
<doc>Logs the given message with the given level.</doc>
<arguments>
<arg>${finalstatus}</arg>
</arguments>
<msg timestamp="20210223 17:50:01.253" level="INFO">Started by user ***
Running as SYSTEM
Building in workspace C:\Users\HOME\.jenkins\workspace\Demo_Job
[Demo_Job] $ cmd /c call C:\Users\HOME\AppData\Local\Temp\jenkins15847190891141659720.bat

C:\Users\HOME\.jenkins\workspace\Demo_Job&gt;echo "Job triggered at Tue 02/23/2021 : 17:49:36.62" 
"Job triggered at Tue 02/23/2021 : 17:49:36.62"

C:\Users\HOME\.jenkins\workspace\Demo_Job&gt;exit 0 </msg>
<status status="PASS" starttime="20210223 17:50:01.252" endtime="20210223 17:50:01.253"></status>
</kw>
<kw name="Sleep" library="BuiltIn">
<doc>Pauses the test executed for the given time.</doc>
<arguments>
<arg>3</arg>
</arguments>
<msg timestamp="20210223 17:50:04.254" level="INFO">Slept 3 seconds</msg>
<status status="PASS" starttime="20210223 17:50:01.253" endtime="20210223 17:50:04.256"></status>
</kw>
<status status="PASS" starttime="20210223 17:49:34.504" endtime="20210223 17:50:04.257"></status>
</kw>
<doc>This testcase validates the triggering a build scenario on Jenkins UI Page</doc>
<tags>
<tag>Trigger</tag>
</tags>
<status status="PASS" starttime="20210223 17:49:28.460" endtime="20210223 17:50:04.258" critical="yes"></status>
</test>
<test id="s1-t4" name="TestCase4: Invalid Test">
<kw name="SignIn with Invalid Credentials" library="Keywords">
<kw name="Open Browser" library="SeleniumLibrary">
<doc>Opens a new browser instance to the optional ``url``.</doc>
<arguments>
<arg>${url}</arg>
<arg>${browser}</arg>
<arg>alias=Browser2</arg>
</arguments>
<msg timestamp="20210223 17:50:04.263" level="INFO">Opening browser 'chrome' to base url 'http://localhost:8080/login?from=%2F'.</msg>
<status status="PASS" starttime="20210223 17:50:04.262" endtime="20210223 17:50:18.550"></status>
</kw>
<kw name="Maximize the Browser" library="Keywords">
<kw name="Maximize Browser Window" library="SeleniumLibrary">
<doc>Maximizes current browser window.</doc>
<status status="PASS" starttime="20210223 17:50:18.551" endtime="20210223 17:50:18.750"></status>
</kw>
<status status="PASS" starttime="20210223 17:50:18.550" endtime="20210223 17:50:18.750"></status>
</kw>
<kw name="Set Implicit Time" library="Keywords">
<kw name="Set Selenium Implicit Wait" library="SeleniumLibrary">
<doc>Sets the implicit wait value used by Selenium.</doc>
<arguments>
<arg>15 seconds</arg>
</arguments>
<status status="PASS" starttime="20210223 17:50:18.751" endtime="20210223 17:50:18.759"></status>
</kw>
<status status="PASS" starttime="20210223 17:50:18.750" endtime="20210223 17:50:18.760"></status>
</kw>
<kw name="Getting Decrypted Text" library="Keywords">
<kw name="Get Decrypted Text" library="CryptoLibrary">
<doc>Decrypts cipher text and returns the plain text.</doc>
<arguments>
<arg>${enc_user}</arg>
</arguments>
<assign>
<var>${user}</var>
</assign>
<msg timestamp="20210223 17:50:18.762" level="INFO">Decrypting text and return value.</msg>
<msg timestamp="20210223 17:50:18.762" level="INFO">${user} = ***</msg>
<status status="PASS" starttime="20210223 17:50:18.761" endtime="20210223 17:50:18.763"></status>
</kw>
<kw name="Set Test Variable" library="BuiltIn">
<doc>Makes a variable available everywhere within the scope of the current test.</doc>
<arguments>
<arg>${user}</arg>
</arguments>
<msg timestamp="20210223 17:50:18.764" level="INFO">${user} = ***</msg>
<status status="PASS" starttime="20210223 17:50:18.763" endtime="20210223 17:50:18.764"></status>
</kw>
<kw name="Get Decrypted Text" library="CryptoLibrary">
<doc>Decrypts cipher text and returns the plain text.</doc>
<arguments>
<arg>${enc_pwd}</arg>
</arguments>
<assign>
<var>${password}</var>
</assign>
<msg timestamp="20210223 17:50:18.764" level="INFO">Decrypting text and return value.</msg>
<msg timestamp="20210223 17:50:18.765" level="INFO">${password} = ***</msg>
<status status="PASS" starttime="20210223 17:50:18.764" endtime="20210223 17:50:18.765"></status>
</kw>
<kw name="Set Test Variable" library="BuiltIn">
<doc>Makes a variable available everywhere within the scope of the current test.</doc>
<arguments>
<arg>${password}</arg>
</arguments>
<msg timestamp="20210223 17:50:18.766" level="INFO">${password} = ***</msg>
<status status="PASS" starttime="20210223 17:50:18.766" endtime="20210223 17:50:18.766"></status>
</kw>
<kw name="Get Decrypted Text" library="CryptoLibrary">
<doc>Decrypts cipher text and returns the plain text.</doc>
<arguments>
<arg>${wrong_pwd}</arg>
</arguments>
<assign>
<var>${password1}</var>
</assign>
<msg timestamp="20210223 17:50:18.767" level="INFO">Decrypting text and return value.</msg>
<msg timestamp="20210223 17:50:18.767" level="INFO">${password1} = ***</msg>
<status status="PASS" starttime="20210223 17:50:18.766" endtime="20210223 17:50:18.768"></status>
</kw>
<kw name="Set Test Variable" library="BuiltIn">
<doc>Makes a variable available everywhere within the scope of the current test.</doc>
<arguments>
<arg>${password1}</arg>
</arguments>
<msg timestamp="20210223 17:50:18.769" level="INFO">${password1} = ***</msg>
<status status="PASS" starttime="20210223 17:50:18.769" endtime="20210223 17:50:18.770"></status>
</kw>
<status status="PASS" starttime="20210223 17:50:18.760" endtime="20210223 17:50:18.770"></status>
</kw>
<kw name="Call Method" library="BuiltIn">
<doc>Calls the named method of the given object with the provided arguments.</doc>
<arguments>
<arg>${e}</arg>
<arg>get_username_name</arg>
</arguments>
<assign>
<var>${username}</var>
</assign>
<msg timestamp="20210223 17:50:18.770" level="INFO">${username} = j_username</msg>
<status status="PASS" starttime="20210223 17:50:18.770" endtime="20210223 17:50:18.771"></status>
</kw>
<kw name="Input Text" library="SeleniumLibrary">
<doc>Types the given ``text`` into the text field identified by ``locator``.</doc>
<arguments>
<arg>name:${username}</arg>
<arg>${user}</arg>
</arguments>
<msg timestamp="20210223 17:50:18.771" level="INFO">Typing text '***' into text field 'name:j_username'.</msg>
<status status="PASS" starttime="20210223 17:50:18.771" endtime="20210223 17:50:18.920"></status>
</kw>
<kw name="Call Method" library="BuiltIn">
<doc>Calls the named method of the given object with the provided arguments.</doc>
<arguments>
<arg>${e}</arg>
<arg>get_password_name</arg>
</arguments>
<assign>
<var>${passwrd}</var>
</assign>
<msg timestamp="20210223 17:50:18.921" level="INFO">${passwrd} = j_password</msg>
<status status="PASS" starttime="20210223 17:50:18.920" endtime="20210223 17:50:18.921"></status>
</kw>
<kw name="Input Text" library="SeleniumLibrary">
<doc>Types the given ``text`` into the text field identified by ``locator``.</doc>
<arguments>
<arg>name:${passwrd}</arg>
<arg>${password1}</arg>
</arguments>
<msg timestamp="20210223 17:50:18.921" level="INFO">Typing text '***' into text field 'name:j_password'.</msg>
<status status="PASS" starttime="20210223 17:50:18.921" endtime="20210223 17:50:19.092"></status>
</kw>
<kw name="Call Method" library="BuiltIn">
<doc>Calls the named method of the given object with the provided arguments.</doc>
<arguments>
<arg>${e}</arg>
<arg>get_signIn_name</arg>
</arguments>
<assign>
<var>${signin}</var>
</assign>
<msg timestamp="20210223 17:50:19.093" level="INFO">${signin} = Submit</msg>
<status status="PASS" starttime="20210223 17:50:19.093" endtime="20210223 17:50:19.093"></status>
</kw>
<kw name="Click Element" library="SeleniumLibrary">
<doc>Click the element identified by ``locator``.</doc>
<arguments>
<arg>name:${signin}</arg>
</arguments>
<msg timestamp="20210223 17:50:19.094" level="INFO">Clicking element 'name:Submit'.</msg>
<status status="PASS" starttime="20210223 17:50:19.093" endtime="20210223 17:50:23.411"></status>
</kw>
<kw name="Page Should Contain" library="SeleniumLibrary">
<doc>Verifies that current page contains ``text``.</doc>
<arguments>
<arg>${title3}</arg>
</arguments>
<msg timestamp="20210223 17:50:23.465" level="INFO">Current page contains text 'Invalid username or password'.</msg>
<status status="PASS" starttime="20210223 17:50:23.411" endtime="20210223 17:50:23.466"></status>
</kw>
<kw name="Sleep" library="BuiltIn">
<doc>Pauses the test executed for the given time.</doc>
<arguments>
<arg>2</arg>
</arguments>
<msg timestamp="20210223 17:50:25.469" level="INFO">Slept 2 seconds</msg>
<status status="PASS" starttime="20210223 17:50:23.466" endtime="20210223 17:50:25.470"></status>
</kw>
<status status="PASS" starttime="20210223 17:50:04.262" endtime="20210223 17:50:25.473"></status>
</kw>
<doc>This testcase validates the the sign in scenario on Jenkins UI Page with invalid credentials</doc>
<tags>
<tag>Invalid</tag>
</tags>
<status status="PASS" starttime="20210223 17:50:04.260" endtime="20210223 17:50:25.475" critical="yes"></status>
</test>
<kw name="Close Browsers" library="Keywords" type="teardown">
<kw name="Close All Browsers" library="SeleniumLibrary">
<doc>Closes all open browsers and resets the browser cache.</doc>
<status status="PASS" starttime="20210223 17:50:25.481" endtime="20210223 17:51:12.196"></status>
</kw>
<status status="PASS" starttime="20210223 17:50:25.480" endtime="20210223 17:51:12.196"></status>
</kw>
<doc>Testing to validate different use cases on Jenkins UI Page</doc>
<status status="PASS" starttime="20210223 17:46:47.103" endtime="20210223 17:51:12.196"></status>
</suite>
<statistics>
<total>
<stat pass="4" fail="0">Critical Tests</stat>
<stat pass="4" fail="0">All Tests</stat>
</total>
<tag>
<stat pass="1" fail="0">Invalid</stat>
<stat pass="1" fail="0">Login</stat>
<stat pass="1" fail="0">NewItem</stat>
<stat pass="1" fail="0">Trigger</stat>
</tag>
<suite>
<stat pass="4" fail="0" id="s1" name="TestCases">TestCases</stat>
</suite>
</statistics>
<errors>
</errors>
</robot>
