<?xml version="1.0" encoding="UTF-8"?>
<robot generator="Robot 3.2.1 (Python 3.8.3 on win32)" generated="20210223 17:54:49.954" rpa="false">
<suite id="s1" name="TestCases" source="C:\Users\HOME\PycharmProjects\Training\Jenkins_UI\TestSuites\TestCases.robot">
<kw name="Open the Browser" library="Keywords" type="setup">
<kw name="Open Browser" library="SeleniumLibrary">
<doc>Opens a new browser instance to the optional ``url``.</doc>
<arguments>
<arg>${url}</arg>
<arg>${browser}</arg>
<arg>alias=Browser1</arg>
</arguments>
<msg timestamp="20210223 17:54:54.620" level="INFO">Opening browser 'chrome' to base url 'http://localhost:8080/login?from=%2F'.</msg>
<status status="PASS" starttime="20210223 17:54:54.620" endtime="20210223 17:55:13.724"></status>
</kw>
<status status="PASS" starttime="20210223 17:54:54.620" endtime="20210223 17:55:13.810"></status>
</kw>
<test id="s1-t1" name="TestCase1: Login">
<kw name="Maximize the Browser" library="Keywords">
<kw name="Maximize Browser Window" library="SeleniumLibrary">
<doc>Maximizes current browser window.</doc>
<status status="PASS" starttime="20210223 17:55:13.933" endtime="20210223 17:55:14.154"></status>
</kw>
<status status="PASS" starttime="20210223 17:55:13.929" endtime="20210223 17:55:14.154"></status>
</kw>
<kw name="Set Implicit Time" library="Keywords">
<kw name="Set Selenium Implicit Wait" library="SeleniumLibrary">
<doc>Sets the implicit wait value used by Selenium.</doc>
<arguments>
<arg>15 seconds</arg>
</arguments>
<status status="PASS" starttime="20210223 17:55:14.157" endtime="20210223 17:55:14.161"></status>
</kw>
<status status="PASS" starttime="20210223 17:55:14.155" endtime="20210223 17:55:14.162"></status>
</kw>
<kw name="Getting Decrypted Text" library="Keywords">
<kw name="Get Decrypted Text" library="CryptoLibrary">
<doc>Decrypts cipher text and returns the plain text.</doc>
<arguments>
<arg>${enc_user}</arg>
</arguments>
<assign>
<var>${user}</var>
</assign>
<msg timestamp="20210223 17:55:14.164" level="INFO">Decrypting text and return value.</msg>
<msg timestamp="20210223 17:55:15.300" level="INFO">${user} = ***</msg>
<status status="PASS" starttime="20210223 17:55:14.164" endtime="20210223 17:55:15.301"></status>
</kw>
<kw name="Set Test Variable" library="BuiltIn">
<doc>Makes a variable available everywhere within the scope of the current test.</doc>
<arguments>
<arg>${user}</arg>
</arguments>
<msg timestamp="20210223 17:55:15.306" level="INFO">${user} = ***</msg>
<status status="PASS" starttime="20210223 17:55:15.305" endtime="20210223 17:55:15.306"></status>
</kw>
<kw name="Get Decrypted Text" library="CryptoLibrary">
<doc>Decrypts cipher text and returns the plain text.</doc>
<arguments>
<arg>${enc_pwd}</arg>
</arguments>
<assign>
<var>${password}</var>
</assign>
<msg timestamp="20210223 17:55:15.339" level="INFO">Decrypting text and return value.</msg>
<msg timestamp="20210223 17:55:15.339" level="INFO">${password} = ***</msg>
<status status="PASS" starttime="20210223 17:55:15.338" endtime="20210223 17:55:15.340"></status>
</kw>
<kw name="Set Test Variable" library="BuiltIn">
<doc>Makes a variable available everywhere within the scope of the current test.</doc>
<arguments>
<arg>${password}</arg>
</arguments>
<msg timestamp="20210223 17:55:15.344" level="INFO">${password} = ***</msg>
<status status="PASS" starttime="20210223 17:55:15.344" endtime="20210223 17:55:15.345"></status>
</kw>
<kw name="Get Decrypted Text" library="CryptoLibrary">
<doc>Decrypts cipher text and returns the plain text.</doc>
<arguments>
<arg>${wrong_pwd}</arg>
</arguments>
<assign>
<var>${password1}</var>
</assign>
<msg timestamp="20210223 17:55:15.347" level="INFO">Decrypting text and return value.</msg>
<msg timestamp="20210223 17:55:15.348" level="INFO">${password1} = ***</msg>
<status status="PASS" starttime="20210223 17:55:15.347" endtime="20210223 17:55:15.349"></status>
</kw>
<kw name="Set Test Variable" library="BuiltIn">
<doc>Makes a variable available everywhere within the scope of the current test.</doc>
<arguments>
<arg>${password1}</arg>
</arguments>
<msg timestamp="20210223 17:55:15.352" level="INFO">${password1} = ***</msg>
<status status="PASS" starttime="20210223 17:55:15.351" endtime="20210223 17:55:15.353"></status>
</kw>
<status status="PASS" starttime="20210223 17:55:14.163" endtime="20210223 17:55:15.355"></status>
</kw>
<kw name="Login with Credentials" library="Keywords">
<kw name="Call Method" library="BuiltIn">
<doc>Calls the named method of the given object with the provided arguments.</doc>
<arguments>
<arg>${e}</arg>
<arg>get_username_name</arg>
</arguments>
<assign>
<var>${username}</var>
</assign>
<msg timestamp="20210223 17:55:15.358" level="INFO">${username} = j_username</msg>
<status status="PASS" starttime="20210223 17:55:15.358" endtime="20210223 17:55:15.358"></status>
</kw>
<kw name="Input Text" library="SeleniumLibrary">
<doc>Types the given ``text`` into the text field identified by ``locator``.</doc>
<arguments>
<arg>name:${username}</arg>
<arg>${user}</arg>
</arguments>
<msg timestamp="20210223 17:55:15.362" level="INFO">Typing text '***' into text field 'name:j_username'.</msg>
<status status="PASS" starttime="20210223 17:55:15.361" endtime="20210223 17:55:17.937"></status>
</kw>
<kw name="Call Method" library="BuiltIn">
<doc>Calls the named method of the given object with the provided arguments.</doc>
<arguments>
<arg>${e}</arg>
<arg>get_password_name</arg>
</arguments>
<assign>
<var>${passwrd}</var>
</assign>
<msg timestamp="20210223 17:55:17.941" level="INFO">${passwrd} = j_password</msg>
<status status="PASS" starttime="20210223 17:55:17.940" endtime="20210223 17:55:17.941"></status>
</kw>
<kw name="Input Text" library="SeleniumLibrary">
<doc>Types the given ``text`` into the text field identified by ``locator``.</doc>
<arguments>
<arg>name:${passwrd}</arg>
<arg>${password}</arg>
</arguments>
<msg timestamp="20210223 17:55:17.945" level="INFO">Typing text '***' into text field 'name:j_password'.</msg>
<status status="PASS" starttime="20210223 17:55:17.944" endtime="20210223 17:55:18.568"></status>
</kw>
<kw name="Call Method" library="BuiltIn">
<doc>Calls the named method of the given object with the provided arguments.</doc>
<arguments>
<arg>${e}</arg>
<arg>get_signIn_name</arg>
</arguments>
<assign>
<var>${signin}</var>
</assign>
<msg timestamp="20210223 17:55:18.572" level="INFO">${signin} = Submit</msg>
<status status="PASS" starttime="20210223 17:55:18.571" endtime="20210223 17:55:18.572"></status>
</kw>
<kw name="Click Element" library="SeleniumLibrary">
<doc>Click the element identified by ``locator``.</doc>
<arguments>
<arg>name:${signin}</arg>
</arguments>
<msg timestamp="20210223 17:55:18.576" level="INFO">Clicking element 'name:Submit'.</msg>
<status status="PASS" starttime="20210223 17:55:18.575" endtime="20210223 17:56:11.124"></status>
</kw>
<status status="PASS" starttime="20210223 17:55:15.356" endtime="20210223 17:56:11.128"></status>
</kw>
<kw name="Validating the Title of the Page" library="Keywords">
<kw name="Page Should Contain" library="SeleniumLibrary">
<doc>Verifies that current page contains ``text``.</doc>
<arguments>
<arg>${title1}</arg>
</arguments>
<msg timestamp="20210223 17:56:11.172" level="INFO">Current page contains text 'Dashboard [Jenkins]'.</msg>
<status status="PASS" starttime="20210223 17:56:11.132" endtime="20210223 17:56:11.173"></status>
</kw>
<kw name="Sleep" library="BuiltIn">
<doc>Pauses the test executed for the given time.</doc>
<arguments>
<arg>2</arg>
</arguments>
<msg timestamp="20210223 17:56:13.177" level="INFO">Slept 2 seconds</msg>
<status status="PASS" starttime="20210223 17:56:11.177" endtime="20210223 17:56:13.177"></status>
</kw>
<status status="PASS" starttime="20210223 17:56:11.131" endtime="20210223 17:56:13.181"></status>
</kw>
<doc>This testcase validates the sign in scenario on Jenkins UI Page</doc>
<tags>
<tag>Login</tag>
</tags>
<status status="PASS" starttime="20210223 17:55:13.811" endtime="20210223 17:56:13.182" critical="yes"></status>
</test>
<test id="s1-t2" name="TestCase2: New Item">
<kw name="Selecting the Job" library="Keywords">
<kw name="Call Method" library="BuiltIn">
<doc>Calls the named method of the given object with the provided arguments.</doc>
<arguments>
<arg>${e}</arg>
<arg>get_job_xpath</arg>
</arguments>
<assign>
<var>${jobname}</var>
</assign>
<msg timestamp="20210223 17:56:13.193" level="INFO">${jobname} = //tbody/tr[@id='job_Demo_Job']/td[3]/a[1]</msg>
<status status="PASS" starttime="20210223 17:56:13.192" endtime="20210223 17:56:13.193"></status>
</kw>
<kw name="Click Element" library="SeleniumLibrary">
<doc>Click the element identified by ``locator``.</doc>
<arguments>
<arg>xpath:${jobname}</arg>
</arguments>
<msg timestamp="20210223 17:56:13.197" level="INFO">Clicking element 'xpath://tbody/tr[@id='job_Demo_Job']/td[3]/a[1]'.</msg>
<status status="PASS" starttime="20210223 17:56:13.195" endtime="20210223 17:56:19.096"></status>
</kw>
<kw name="Page Should Contain" library="SeleniumLibrary">
<doc>Verifies that current page contains ``text``.</doc>
<arguments>
<arg>${title2}</arg>
</arguments>
<msg timestamp="20210223 17:56:19.168" level="INFO">Current page contains text 'Demo_Job [Jenkins]'.</msg>
<status status="PASS" starttime="20210223 17:56:19.137" endtime="20210223 17:56:19.168"></status>
</kw>
<kw name="Sleep" library="BuiltIn">
<doc>Pauses the test executed for the given time.</doc>
<arguments>
<arg>2</arg>
</arguments>
<msg timestamp="20210223 17:56:21.195" level="INFO">Slept 2 seconds</msg>
<status status="PASS" starttime="20210223 17:56:19.168" endtime="20210223 17:56:21.195"></status>
</kw>
<status status="PASS" starttime="20210223 17:56:13.191" endtime="20210223 17:56:21.195"></status>
</kw>
<kw name="Deleting the Job" library="Keywords">
<kw name="Call Method" library="BuiltIn">
<doc>Calls the named method of the given object with the provided arguments.</doc>
<arguments>
<arg>${e}</arg>
<arg>get_delete_xpath</arg>
</arguments>
<assign>
<var>${deletexpath}</var>
</assign>
<msg timestamp="20210223 17:56:21.210" level="INFO">${deletexpath} = //span[contains(text(),'Delete Project')]</msg>
<status status="PASS" starttime="20210223 17:56:21.195" endtime="20210223 17:56:21.210"></status>
</kw>
<kw name="Click Element" library="SeleniumLibrary">
<doc>Click the element identified by ``locator``.</doc>
<arguments>
<arg>xpath:${deletexpath}</arg>
</arguments>
<msg timestamp="20210223 17:56:21.210" level="INFO">Clicking element 'xpath://span[contains(text(),'Delete Project')]'.</msg>
<status status="PASS" starttime="20210223 17:56:21.210" endtime="20210223 17:56:21.339"></status>
</kw>
<kw name="Sleep" library="BuiltIn">
<doc>Pauses the test executed for the given time.</doc>
<arguments>
<arg>3</arg>
</arguments>
<msg timestamp="20210223 17:56:24.344" level="INFO">Slept 3 seconds</msg>
<status status="PASS" starttime="20210223 17:56:21.343" endtime="20210223 17:56:24.345"></status>
</kw>
<kw name="Handle Alert" library="SeleniumLibrary">
<doc>Handles the current alert and returns its message.</doc>
<arguments>
<arg>accept</arg>
</arguments>
<status status="PASS" starttime="20210223 17:56:24.349" endtime="20210223 17:56:24.420"></status>
</kw>
<kw name="Sleep" library="BuiltIn">
<doc>Pauses the test executed for the given time.</doc>
<arguments>
<arg>2</arg>
</arguments>
<msg timestamp="20210223 17:56:26.427" level="INFO">Slept 2 seconds</msg>
<status status="PASS" starttime="20210223 17:56:24.422" endtime="20210223 17:56:26.427"></status>
</kw>
<status status="PASS" starttime="20210223 17:56:21.195" endtime="20210223 17:56:26.430"></status>
</kw>
<kw name="Creating New Job" library="Keywords">
<kw name="Call Method" library="BuiltIn">
<doc>Calls the named method of the given object with the provided arguments.</doc>
<arguments>
<arg>${e}</arg>
<arg>get_newitem_classname</arg>
</arguments>
<assign>
<var>${newitem}</var>
</assign>
<msg timestamp="20210223 17:56:26.433" level="INFO">${newitem} = task-link-text</msg>
<status status="PASS" starttime="20210223 17:56:26.432" endtime="20210223 17:56:26.433"></status>
</kw>
<kw name="Click Element" library="SeleniumLibrary">
<doc>Click the element identified by ``locator``.</doc>
<arguments>
<arg>class:${newitem}</arg>
</arguments>
<msg timestamp="20210223 17:56:26.437" level="INFO">Clicking element 'class:task-link-text'.</msg>
<status status="PASS" starttime="20210223 17:56:26.435" endtime="20210223 17:56:31.575"></status>
</kw>
<kw name="Call Method" library="BuiltIn">
<doc>Calls the named method of the given object with the provided arguments.</doc>
<arguments>
<arg>${e}</arg>
<arg>get_projectname_id</arg>
</arguments>
<assign>
<var>${text}</var>
</assign>
<msg timestamp="20210223 17:56:31.581" level="INFO">${text} = name</msg>
<status status="PASS" starttime="20210223 17:56:31.580" endtime="20210223 17:56:31.582"></status>
</kw>
<kw name="Input Text" library="SeleniumLibrary">
<doc>Types the given ``text`` into the text field identified by ``locator``.</doc>
<arguments>
<arg>id:${text}</arg>
<arg>Demo_Job</arg>
</arguments>
<msg timestamp="20210223 17:56:31.589" level="INFO">Typing text 'Demo_Job' into text field 'id:name'.</msg>
<status status="PASS" starttime="20210223 17:56:31.587" endtime="20210223 17:56:33.126"></status>
</kw>
<kw name="Call Method" library="BuiltIn">
<doc>Calls the named method of the given object with the provided arguments.</doc>
<arguments>
<arg>${e}</arg>
<arg>get_projecttype_classname</arg>
</arguments>
<assign>
<var>${type}</var>
</assign>
<msg timestamp="20210223 17:56:33.132" level="INFO">${type} = hudson_model_FreeStyleProject</msg>
<status status="PASS" starttime="20210223 17:56:33.130" endtime="20210223 17:56:33.132"></status>
</kw>
<kw name="Click Element" library="SeleniumLibrary">
<doc>Click the element identified by ``locator``.</doc>
<arguments>
<arg>class:${type}</arg>
</arguments>
<msg timestamp="20210223 17:56:33.138" level="INFO">Clicking element 'class:hudson_model_FreeStyleProject'.</msg>
<status status="PASS" starttime="20210223 17:56:33.137" endtime="20210223 17:56:33.280"></status>
</kw>
<kw name="Call Method" library="BuiltIn">
<doc>Calls the named method of the given object with the provided arguments.</doc>
<arguments>
<arg>${e}</arg>
<arg>get_okbutton_id</arg>
</arguments>
<assign>
<var>${button}</var>
</assign>
<msg timestamp="20210223 17:56:33.285" level="INFO">${button} = ok-button</msg>
<status status="PASS" starttime="20210223 17:56:33.284" endtime="20210223 17:56:33.286"></status>
</kw>
<kw name="Click Element" library="SeleniumLibrary">
<doc>Click the element identified by ``locator``.</doc>
<arguments>
<arg>id:${button}</arg>
</arguments>
<msg timestamp="20210223 17:56:33.290" level="INFO">Clicking element 'id:ok-button'.</msg>
<status status="PASS" starttime="20210223 17:56:33.289" endtime="20210223 17:57:00.169"></status>
</kw>
<kw name="Call Method" library="BuiltIn">
<doc>Calls the named method of the given object with the provided arguments.</doc>
<arguments>
<arg>${e}</arg>
<arg>get_description_name</arg>
</arguments>
<assign>
<var>${desc}</var>
</assign>
<msg timestamp="20210223 17:57:00.174" level="INFO">${desc} = description</msg>
<status status="PASS" starttime="20210223 17:57:00.173" endtime="20210223 17:57:00.174"></status>
</kw>
<kw name="Input Text" library="SeleniumLibrary">
<doc>Types the given ``text`` into the text field identified by ``locator``.</doc>
<arguments>
<arg>name:${desc}</arg>
<arg>${description}</arg>
</arguments>
<msg timestamp="20210223 17:57:00.178" level="INFO">Typing text 'This is a demo job created for testing' into text field 'name:description'.</msg>
<status status="PASS" starttime="20210223 17:57:00.177" endtime="20210223 17:57:00.531"></status>
</kw>
<kw name="Execute Javascript" library="SeleniumLibrary">
<doc>Executes the given JavaScript code with possible arguments.</doc>
<arguments>
<arg>window.scrollTo(0,document.body.scrollHeight)</arg>
</arguments>
<msg timestamp="20210223 17:57:00.537" level="INFO">Executing JavaScript:
window.scrollTo(0,document.body.scrollHeight)
Without any arguments.</msg>
<status status="PASS" starttime="20210223 17:57:00.536" endtime="20210223 17:57:00.627"></status>
</kw>
<kw name="Sleep" library="BuiltIn">
<doc>Pauses the test executed for the given time.</doc>
<arguments>
<arg>2</arg>
</arguments>
<msg timestamp="20210223 17:57:02.636" level="INFO">Slept 2 seconds</msg>
<status status="PASS" starttime="20210223 17:57:00.631" endtime="20210223 17:57:02.636"></status>
</kw>
<kw name="Call Method" library="BuiltIn">
<doc>Calls the named method of the given object with the provided arguments.</doc>
<arguments>
<arg>${e}</arg>
<arg>get_buildstep_xpath</arg>
</arguments>
<assign>
<var>${buildbutton}</var>
</assign>
<msg timestamp="20210223 17:57:02.636" level="INFO">${buildbutton} = //body[1]/div[5]/div[1]/div[1]/div[1]/div[1]/form[1]/table[1]/tbody[1]/tr[200]/td[1]/div[1]/div[2]/span[1]/span[1]/button[1]</msg>
<status status="PASS" starttime="20210223 17:57:02.636" endtime="20210223 17:57:02.636"></status>
</kw>
<kw name="Click Element" library="SeleniumLibrary">
<doc>Click the element identified by ``locator``.</doc>
<arguments>
<arg>xpath:${buildbutton}</arg>
</arguments>
<msg timestamp="20210223 17:57:02.636" level="INFO">Clicking element 'xpath://body[1]/div[5]/div[1]/div[1]/div[1]/div[1]/form[1]/table[1]/tbody[1]/tr[200]/td[1]/div[1]/div[2]/span[1]/span[1]/button[1]'.</msg>
<status status="PASS" starttime="20210223 17:57:02.636" endtime="20210223 17:57:02.794"></status>
</kw>
<kw name="Call Method" library="BuiltIn">
<doc>Calls the named method of the given object with the provided arguments.</doc>
<arguments>
<arg>${e}</arg>
<arg>get_commandtype_linktext</arg>
</arguments>
<assign>
<var>${linktext}</var>
</assign>
<msg timestamp="20210223 17:57:02.799" level="INFO">${linktext} = Execute Windows batch command</msg>
<status status="PASS" starttime="20210223 17:57:02.798" endtime="20210223 17:57:02.799"></status>
</kw>
<kw name="Click Link" library="SeleniumLibrary">
<doc>Clicks a link identified by ``locator``.</doc>
<arguments>
<arg>link:${linktext}</arg>
</arguments>
<msg timestamp="20210223 17:57:02.806" level="INFO">Clicking link 'link:Execute Windows batch command'.</msg>
<status status="PASS" starttime="20210223 17:57:02.805" endtime="20210223 17:57:03.136"></status>
</kw>
<kw name="Call Method" library="BuiltIn">
<doc>Calls the named method of the given object with the provided arguments.</doc>
<arguments>
<arg>${e}</arg>
<arg>get_command_name</arg>
</arguments>
<assign>
<var>${commandbutton}</var>
</assign>
<msg timestamp="20210223 17:57:03.142" level="INFO">${commandbutton} = command</msg>
<status status="PASS" starttime="20210223 17:57:03.140" endtime="20210223 17:57:03.142"></status>
</kw>
<kw name="Input Text" library="SeleniumLibrary">
<doc>Types the given ``text`` into the text field identified by ``locator``.</doc>
<arguments>
<arg>name:${commandbutton}</arg>
<arg>${command}</arg>
</arguments>
<msg timestamp="20210223 17:57:03.148" level="INFO">Typing text 'echo "Job triggered at %date% : %time%"' into text field 'name:command'.</msg>
<status status="PASS" starttime="20210223 17:57:03.147" endtime="20210223 17:57:03.628"></status>
</kw>
<kw name="Call Method" library="BuiltIn">
<doc>Calls the named method of the given object with the provided arguments.</doc>
<arguments>
<arg>${e}</arg>
<arg>get_savebutton_xpath</arg>
</arguments>
<assign>
<var>${savebutton}</var>
</assign>
<msg timestamp="20210223 17:57:03.633" level="INFO">${savebutton} = //button[contains(text(),'Save')]</msg>
<status status="PASS" starttime="20210223 17:57:03.631" endtime="20210223 17:57:03.633"></status>
</kw>
<kw name="Click Element" library="SeleniumLibrary">
<doc>Click the element identified by ``locator``.</doc>
<arguments>
<arg>xpath:${savebutton}</arg>
</arguments>
<msg timestamp="20210223 17:57:03.637" level="INFO">Clicking element 'xpath://button[contains(text(),'Save')]'.</msg>
<status status="PASS" starttime="20210223 17:57:03.636" endtime="20210223 17:57:09.918"></status>
</kw>
<kw name="Sleep" library="BuiltIn">
<doc>Pauses the test executed for the given time.</doc>
<arguments>
<arg>5</arg>
</arguments>
<msg timestamp="20210223 17:57:14.927" level="INFO">Slept 5 seconds</msg>
<status status="PASS" starttime="20210223 17:57:09.922" endtime="20210223 17:57:14.927"></status>
</kw>
<status status="PASS" starttime="20210223 17:56:26.431" endtime="20210223 17:57:14.927"></status>
</kw>
<doc>This testcase validates the creation of new job scenario on Jenkins UI Page</doc>
<tags>
<tag>NewItem</tag>
</tags>
<status status="PASS" starttime="20210223 17:56:13.189" endtime="20210223 17:57:14.927" critical="no"></status>
</test>
<test id="s1-t3" name="TestCase3: Trigger Build">
<kw name="Switching to New Window" library="Keywords">
<kw name="Execute Javascript" library="SeleniumLibrary">
<doc>Executes the given JavaScript code with possible arguments.</doc>
<arguments>
<arg>window.open()</arg>
</arguments>
<msg timestamp="20210223 17:57:14.942" level="INFO">Executing JavaScript:
window.open()
Without any arguments.</msg>
<status status="PASS" starttime="20210223 17:57:14.942" endtime="20210223 17:57:15.048"></status>
</kw>
<kw name="Switch Window" library="SeleniumLibrary">
<doc>Switches to browser window matching ``locator``.</doc>
<arguments>
<arg>locator=NEW</arg>
</arguments>
<status status="PASS" starttime="20210223 17:57:15.052" endtime="20210223 17:57:15.091"></status>
</kw>
<kw name="Go To" library="SeleniumLibrary">
<doc>Navigates the current browser window to the provided ``url``.</doc>
<arguments>
<arg>${url}</arg>
</arguments>
<msg timestamp="20210223 17:57:15.093" level="INFO">Opening url 'http://localhost:8080/login?from=%2F'</msg>
<status status="PASS" starttime="20210223 17:57:15.092" endtime="20210223 17:57:15.513"></status>
</kw>
<status status="PASS" starttime="20210223 17:57:14.942" endtime="20210223 17:57:15.520"></status>
</kw>
<kw name="Getting Decrypted Text" library="Keywords">
<kw name="Get Decrypted Text" library="CryptoLibrary">
<doc>Decrypts cipher text and returns the plain text.</doc>
<arguments>
<arg>${enc_user}</arg>
</arguments>
<assign>
<var>${user}</var>
</assign>
<msg timestamp="20210223 17:57:15.537" level="INFO">Decrypting text and return value.</msg>
<msg timestamp="20210223 17:57:15.538" level="INFO">${user} = ***</msg>
<status status="PASS" starttime="20210223 17:57:15.536" endtime="20210223 17:57:15.539"></status>
</kw>
<kw name="Set Test Variable" library="BuiltIn">
<doc>Makes a variable available everywhere within the scope of the current test.</doc>
<arguments>
<arg>${user}</arg>
</arguments>
<msg timestamp="20210223 17:57:15.546" level="INFO">${user} = ***</msg>
<status status="PASS" starttime="20210223 17:57:15.544" endtime="20210223 17:57:15.546"></status>
</kw>
<kw name="Get Decrypted Text" library="CryptoLibrary">
<doc>Decrypts cipher text and returns the plain text.</doc>
<arguments>
<arg>${enc_pwd}</arg>
</arguments>
<assign>
<var>${password}</var>
</assign>
<msg timestamp="20210223 17:57:15.552" level="INFO">Decrypting text and return value.</msg>
<msg timestamp="20210223 17:57:15.553" level="INFO">${password} = ***</msg>
<status status="PASS" starttime="20210223 17:57:15.550" endtime="20210223 17:57:15.554"></status>
</kw>
<kw name="Set Test Variable" library="BuiltIn">
<doc>Makes a variable available everywhere within the scope of the current test.</doc>
<arguments>
<arg>${password}</arg>
</arguments>
<msg timestamp="20210223 17:57:15.562" level="INFO">${password} = ***</msg>
<status status="PASS" starttime="20210223 17:57:15.560" endtime="20210223 17:57:15.563"></status>
</kw>
<kw name="Get Decrypted Text" library="CryptoLibrary">
<doc>Decrypts cipher text and returns the plain text.</doc>
<arguments>
<arg>${wrong_pwd}</arg>
</arguments>
<assign>
<var>${password1}</var>
</assign>
<msg timestamp="20210223 17:57:15.573" level="INFO">Decrypting text and return value.</msg>
<msg timestamp="20210223 17:57:15.574" level="INFO">${password1} = ***</msg>
<status status="PASS" starttime="20210223 17:57:15.572" endtime="20210223 17:57:15.575"></status>
</kw>
<kw name="Set Test Variable" library="BuiltIn">
<doc>Makes a variable available everywhere within the scope of the current test.</doc>
<arguments>
<arg>${password1}</arg>
</arguments>
<msg timestamp="20210223 17:57:15.582" level="INFO">${password1} = ***</msg>
<status status="PASS" starttime="20210223 17:57:15.581" endtime="20210223 17:57:15.582"></status>
</kw>
<status status="PASS" starttime="20210223 17:57:15.535" endtime="20210223 17:57:15.588"></status>
</kw>
<kw name="Login with Credentials" library="Keywords">
<kw name="Call Method" library="BuiltIn">
<doc>Calls the named method of the given object with the provided arguments.</doc>
<arguments>
<arg>${e}</arg>
<arg>get_username_name</arg>
</arguments>
<assign>
<var>${username}</var>
</assign>
<msg timestamp="20210223 17:57:15.591" level="INFO">${username} = j_username</msg>
<status status="PASS" starttime="20210223 17:57:15.590" endtime="20210223 17:57:15.591"></status>
</kw>
<kw name="Input Text" library="SeleniumLibrary">
<doc>Types the given ``text`` into the text field identified by ``locator``.</doc>
<arguments>
<arg>name:${username}</arg>
<arg>${user}</arg>
</arguments>
<msg timestamp="20210223 17:57:15.594" level="INFO">Typing text '***' into text field 'name:j_username'.</msg>
<status status="PASS" starttime="20210223 17:57:15.593" endtime="20210223 17:57:15.771"></status>
</kw>
<kw name="Call Method" library="BuiltIn">
<doc>Calls the named method of the given object with the provided arguments.</doc>
<arguments>
<arg>${e}</arg>
<arg>get_password_name</arg>
</arguments>
<assign>
<var>${passwrd}</var>
</assign>
<msg timestamp="20210223 17:57:15.775" level="INFO">${passwrd} = j_password</msg>
<status status="PASS" starttime="20210223 17:57:15.774" endtime="20210223 17:57:15.775"></status>
</kw>
<kw name="Input Text" library="SeleniumLibrary">
<doc>Types the given ``text`` into the text field identified by ``locator``.</doc>
<arguments>
<arg>name:${passwrd}</arg>
<arg>${password}</arg>
</arguments>
<msg timestamp="20210223 17:57:15.780" level="INFO">Typing text '***' into text field 'name:j_password'.</msg>
<status status="PASS" starttime="20210223 17:57:15.778" endtime="20210223 17:57:15.957"></status>
</kw>
<kw name="Call Method" library="BuiltIn">
<doc>Calls the named method of the given object with the provided arguments.</doc>
<arguments>
<arg>${e}</arg>
<arg>get_signIn_name</arg>
</arguments>
<assign>
<var>${signin}</var>
</assign>
<msg timestamp="20210223 17:57:15.961" level="INFO">${signin} = Submit</msg>
<status status="PASS" starttime="20210223 17:57:15.960" endtime="20210223 17:57:15.961"></status>
</kw>
<kw name="Click Element" library="SeleniumLibrary">
<doc>Click the element identified by ``locator``.</doc>
<arguments>
<arg>name:${signin}</arg>
</arguments>
<msg timestamp="20210223 17:57:15.965" level="INFO">Clicking element 'name:Submit'.</msg>
<status status="PASS" starttime="20210223 17:57:15.964" endtime="20210223 17:57:18.626"></status>
</kw>
<status status="PASS" starttime="20210223 17:57:15.589" endtime="20210223 17:57:18.632"></status>
</kw>
<kw name="Selecting the Job" library="Keywords">
<kw name="Call Method" library="BuiltIn">
<doc>Calls the named method of the given object with the provided arguments.</doc>
<arguments>
<arg>${e}</arg>
<arg>get_job_xpath</arg>
</arguments>
<assign>
<var>${jobname}</var>
</assign>
<msg timestamp="20210223 17:57:18.638" level="INFO">${jobname} = //tbody/tr[@id='job_Demo_Job']/td[3]/a[1]</msg>
<status status="PASS" starttime="20210223 17:57:18.636" endtime="20210223 17:57:18.639"></status>
</kw>
<kw name="Click Element" library="SeleniumLibrary">
<doc>Click the element identified by ``locator``.</doc>
<arguments>
<arg>xpath:${jobname}</arg>
</arguments>
<msg timestamp="20210223 17:57:18.645" level="INFO">Clicking element 'xpath://tbody/tr[@id='job_Demo_Job']/td[3]/a[1]'.</msg>
<status status="PASS" starttime="20210223 17:57:18.644" endtime="20210223 17:57:19.724"></status>
</kw>
<kw name="Page Should Contain" library="SeleniumLibrary">
<doc>Verifies that current page contains ``text``.</doc>
<arguments>
<arg>${title2}</arg>
</arguments>
<msg timestamp="20210223 17:57:19.766" level="INFO">Current page contains text 'Demo_Job [Jenkins]'.</msg>
<status status="PASS" starttime="20210223 17:57:19.728" endtime="20210223 17:57:19.766"></status>
</kw>
<kw name="Sleep" library="BuiltIn">
<doc>Pauses the test executed for the given time.</doc>
<arguments>
<arg>2</arg>
</arguments>
<msg timestamp="20210223 17:57:21.783" level="INFO">Slept 2 seconds</msg>
<status status="PASS" starttime="20210223 17:57:19.770" endtime="20210223 17:57:21.783"></status>
</kw>
<status status="PASS" starttime="20210223 17:57:18.635" endtime="20210223 17:57:21.783"></status>
</kw>
<kw name="Triggering the Build" library="Keywords">
<kw name="Call Method" library="BuiltIn">
<doc>Calls the named method of the given object with the provided arguments.</doc>
<arguments>
<arg>${e}</arg>
<arg>get_build_xpath</arg>
</arguments>
<assign>
<var>${buildxpath}</var>
</assign>
<msg timestamp="20210223 17:57:21.783" level="INFO">${buildxpath} = //span[contains(text(),'Build Now')]</msg>
<status status="PASS" starttime="20210223 17:57:21.783" endtime="20210223 17:57:21.783"></status>
</kw>
<kw name="Click Element" library="SeleniumLibrary">
<doc>Click the element identified by ``locator``.</doc>
<arguments>
<arg>xpath:${buildxpath}</arg>
</arguments>
<msg timestamp="20210223 17:57:21.783" level="INFO">Clicking element 'xpath://span[contains(text(),'Build Now')]'.</msg>
<status status="PASS" starttime="20210223 17:57:21.783" endtime="20210223 17:57:21.904"></status>
</kw>
<kw name="Sleep" library="BuiltIn">
<doc>Pauses the test executed for the given time.</doc>
<arguments>
<arg>15</arg>
</arguments>
<msg timestamp="20210223 17:57:36.913" level="INFO">Slept 15 seconds</msg>
<status status="PASS" starttime="20210223 17:57:21.908" endtime="20210223 17:57:36.913"></status>
</kw>
<kw name="Reload Page" library="SeleniumLibrary">
<doc>Simulates user reloading page.</doc>
<status status="PASS" starttime="20210223 17:57:36.913" endtime="20210223 17:57:40.489"></status>
</kw>
<kw name="Call Method" library="BuiltIn">
<doc>Calls the named method of the given object with the provided arguments.</doc>
<arguments>
<arg>${e}</arg>
<arg>get_lastbuild_xpath</arg>
</arguments>
<assign>
<var>${lastbuild}</var>
</assign>
<msg timestamp="20210223 17:57:40.491" level="INFO">${lastbuild} = //a[contains(text(),'Last build')]</msg>
<status status="PASS" starttime="20210223 17:57:40.490" endtime="20210223 17:57:40.491"></status>
</kw>
<kw name="Click Element" library="SeleniumLibrary">
<doc>Click the element identified by ``locator``.</doc>
<arguments>
<arg>xpath:${lastbuild}</arg>
</arguments>
<msg timestamp="20210223 17:57:40.496" level="INFO">Clicking element 'xpath://a[contains(text(),'Last build')]'.</msg>
<status status="PASS" starttime="20210223 17:57:40.494" endtime="20210223 17:57:55.542"></status>
</kw>
<kw name="Call Method" library="BuiltIn">
<doc>Calls the named method of the given object with the provided arguments.</doc>
<arguments>
<arg>${e}</arg>
<arg>get_consoleoutput_xpath</arg>
</arguments>
<assign>
<var>${consoleoutput}</var>
</assign>
<msg timestamp="20210223 17:57:55.546" level="INFO">${consoleoutput} = //span[contains(text(),'Console Output')]</msg>
<status status="PASS" starttime="20210223 17:57:55.546" endtime="20210223 17:57:55.547"></status>
</kw>
<kw name="Click Element" library="SeleniumLibrary">
<doc>Click the element identified by ``locator``.</doc>
<arguments>
<arg>xpath:${consoleoutput}</arg>
</arguments>
<msg timestamp="20210223 17:57:55.551" level="INFO">Clicking element 'xpath://span[contains(text(),'Console Output')]'.</msg>
<status status="PASS" starttime="20210223 17:57:55.550" endtime="20210223 17:58:00.567"></status>
</kw>
<kw name="Call Method" library="BuiltIn">
<doc>Calls the named method of the given object with the provided arguments.</doc>
<arguments>
<arg>${e}</arg>
<arg>get_consoleoutputtext_xpath</arg>
</arguments>
<assign>
<var>${outputtext}</var>
</assign>
<msg timestamp="20210223 17:58:00.599" level="INFO">${outputtext} = //body[1]/div[4]/div[2]/pre[1]</msg>
<status status="PASS" starttime="20210223 17:58:00.597" endtime="20210223 17:58:00.599"></status>
</kw>
<kw name="Get Text" library="SeleniumLibrary">
<doc>Returns the text value of the element identified by ``locator``.</doc>
<arguments>
<arg>xpath:${outputtext}</arg>
</arguments>
<assign>
<var>${finalstatus}</var>
</assign>
<msg timestamp="20210223 17:58:01.247" level="INFO">${finalstatus} = </msg>
<status status="PASS" starttime="20210223 17:58:00.602" endtime="20210223 17:58:01.247"></status>
</kw>
<kw name="Log" library="BuiltIn">
<doc>Logs the given message with the given level.</doc>
<arguments>
<arg>${finalstatus}</arg>
</arguments>
<msg timestamp="20210223 17:58:01.254" level="INFO"></msg>
<status status="PASS" starttime="20210223 17:58:01.253" endtime="20210223 17:58:01.255"></status>
</kw>
<kw name="Sleep" library="BuiltIn">
<doc>Pauses the test executed for the given time.</doc>
<arguments>
<arg>3</arg>
</arguments>
<msg timestamp="20210223 17:58:04.261" level="INFO">Slept 3 seconds</msg>
<status status="PASS" starttime="20210223 17:58:01.259" endtime="20210223 17:58:04.261"></status>
</kw>
<status status="PASS" starttime="20210223 17:57:21.783" endtime="20210223 17:58:04.277"></status>
</kw>
<doc>This testcase validates the triggering a build scenario on Jenkins UI Page</doc>
<tags>
<tag>Trigger</tag>
</tags>
<status status="PASS" starttime="20210223 17:57:14.942" endtime="20210223 17:58:04.280" critical="yes"></status>
</test>
<test id="s1-t4" name="TestCase4: Invalid Test">
<kw name="SignIn with Invalid Credentials" library="Keywords">
<kw name="Open Browser" library="SeleniumLibrary">
<doc>Opens a new browser instance to the optional ``url``.</doc>
<arguments>
<arg>${url}</arg>
<arg>${browser}</arg>
<arg>alias=Browser2</arg>
</arguments>
<msg timestamp="20210223 17:58:04.305" level="INFO">Opening browser 'chrome' to base url 'http://localhost:8080/login?from=%2F'.</msg>
<status status="PASS" starttime="20210223 17:58:04.303" endtime="20210223 17:58:23.977"></status>
</kw>
<kw name="Maximize the Browser" library="Keywords">
<kw name="Maximize Browser Window" library="SeleniumLibrary">
<doc>Maximizes current browser window.</doc>
<status status="PASS" starttime="20210223 17:58:23.986" endtime="20210223 17:58:24.394"></status>
</kw>
<status status="PASS" starttime="20210223 17:58:23.984" endtime="20210223 17:58:24.396"></status>
</kw>
<kw name="Set Implicit Time" library="Keywords">
<kw name="Set Selenium Implicit Wait" library="SeleniumLibrary">
<doc>Sets the implicit wait value used by Selenium.</doc>
<arguments>
<arg>15 seconds</arg>
</arguments>
<status status="PASS" starttime="20210223 17:58:24.401" endtime="20210223 17:58:24.416"></status>
</kw>
<status status="PASS" starttime="20210223 17:58:24.400" endtime="20210223 17:58:24.416"></status>
</kw>
<kw name="Getting Decrypted Text" library="Keywords">
<kw name="Get Decrypted Text" library="CryptoLibrary">
<doc>Decrypts cipher text and returns the plain text.</doc>
<arguments>
<arg>${enc_user}</arg>
</arguments>
<assign>
<var>${user}</var>
</assign>
<msg timestamp="20210223 17:58:24.418" level="INFO">Decrypting text and return value.</msg>
<msg timestamp="20210223 17:58:24.419" level="INFO">${user} = ***</msg>
<status status="PASS" starttime="20210223 17:58:24.418" endtime="20210223 17:58:24.420"></status>
</kw>
<kw name="Set Test Variable" library="BuiltIn">
<doc>Makes a variable available everywhere within the scope of the current test.</doc>
<arguments>
<arg>${user}</arg>
</arguments>
<msg timestamp="20210223 17:58:24.423" level="INFO">${user} = ***</msg>
<status status="PASS" starttime="20210223 17:58:24.422" endtime="20210223 17:58:24.423"></status>
</kw>
<kw name="Get Decrypted Text" library="CryptoLibrary">
<doc>Decrypts cipher text and returns the plain text.</doc>
<arguments>
<arg>${enc_pwd}</arg>
</arguments>
<assign>
<var>${password}</var>
</assign>
<msg timestamp="20210223 17:58:24.427" level="INFO">Decrypting text and return value.</msg>
<msg timestamp="20210223 17:58:24.427" level="INFO">${password} = ***</msg>
<status status="PASS" starttime="20210223 17:58:24.426" endtime="20210223 17:58:24.428"></status>
</kw>
<kw name="Set Test Variable" library="BuiltIn">
<doc>Makes a variable available everywhere within the scope of the current test.</doc>
<arguments>
<arg>${password}</arg>
</arguments>
<msg timestamp="20210223 17:58:24.433" level="INFO">${password} = ***</msg>
<status status="PASS" starttime="20210223 17:58:24.432" endtime="20210223 17:58:24.434"></status>
</kw>
<kw name="Get Decrypted Text" library="CryptoLibrary">
<doc>Decrypts cipher text and returns the plain text.</doc>
<arguments>
<arg>${wrong_pwd}</arg>
</arguments>
<assign>
<var>${password1}</var>
</assign>
<msg timestamp="20210223 17:58:24.523" level="INFO">Decrypting text and return value.</msg>
<msg timestamp="20210223 17:58:24.523" level="INFO">${password1} = ***</msg>
<status status="PASS" starttime="20210223 17:58:24.521" endtime="20210223 17:58:24.524"></status>
</kw>
<kw name="Set Test Variable" library="BuiltIn">
<doc>Makes a variable available everywhere within the scope of the current test.</doc>
<arguments>
<arg>${password1}</arg>
</arguments>
<msg timestamp="20210223 17:58:24.529" level="INFO">${password1} = ***</msg>
<status status="PASS" starttime="20210223 17:58:24.528" endtime="20210223 17:58:24.529"></status>
</kw>
<status status="PASS" starttime="20210223 17:58:24.417" endtime="20210223 17:58:24.534"></status>
</kw>
<kw name="Call Method" library="BuiltIn">
<doc>Calls the named method of the given object with the provided arguments.</doc>
<arguments>
<arg>${e}</arg>
<arg>get_username_name</arg>
</arguments>
<assign>
<var>${username}</var>
</assign>
<msg timestamp="20210223 17:58:24.535" level="INFO">${username} = j_username</msg>
<status status="PASS" starttime="20210223 17:58:24.535" endtime="20210223 17:58:24.535"></status>
</kw>
<kw name="Input Text" library="SeleniumLibrary">
<doc>Types the given ``text`` into the text field identified by ``locator``.</doc>
<arguments>
<arg>name:${username}</arg>
<arg>${user}</arg>
</arguments>
<msg timestamp="20210223 17:58:24.539" level="INFO">Typing text '***' into text field 'name:j_username'.</msg>
<status status="PASS" starttime="20210223 17:58:24.538" endtime="20210223 17:58:24.736"></status>
</kw>
<kw name="Call Method" library="BuiltIn">
<doc>Calls the named method of the given object with the provided arguments.</doc>
<arguments>
<arg>${e}</arg>
<arg>get_password_name</arg>
</arguments>
<assign>
<var>${passwrd}</var>
</assign>
<msg timestamp="20210223 17:58:24.740" level="INFO">${passwrd} = j_password</msg>
<status status="PASS" starttime="20210223 17:58:24.739" endtime="20210223 17:58:24.740"></status>
</kw>
<kw name="Input Text" library="SeleniumLibrary">
<doc>Types the given ``text`` into the text field identified by ``locator``.</doc>
<arguments>
<arg>name:${passwrd}</arg>
<arg>${password1}</arg>
</arguments>
<msg timestamp="20210223 17:58:24.743" level="INFO">Typing text '***' into text field 'name:j_password'.</msg>
<status status="PASS" starttime="20210223 17:58:24.743" endtime="20210223 17:58:24.924"></status>
</kw>
<kw name="Call Method" library="BuiltIn">
<doc>Calls the named method of the given object with the provided arguments.</doc>
<arguments>
<arg>${e}</arg>
<arg>get_signIn_name</arg>
</arguments>
<assign>
<var>${signin}</var>
</assign>
<msg timestamp="20210223 17:58:24.927" level="INFO">${signin} = Submit</msg>
<status status="PASS" starttime="20210223 17:58:24.927" endtime="20210223 17:58:24.928"></status>
</kw>
<kw name="Click Element" library="SeleniumLibrary">
<doc>Click the element identified by ``locator``.</doc>
<arguments>
<arg>name:${signin}</arg>
</arguments>
<msg timestamp="20210223 17:58:25.271" level="INFO">Clicking element 'name:Submit'.</msg>
<status status="PASS" starttime="20210223 17:58:25.268" endtime="20210223 17:58:26.665"></status>
</kw>
<kw name="Page Should Contain" library="SeleniumLibrary">
<doc>Verifies that current page contains ``text``.</doc>
<arguments>
<arg>${title3}</arg>
</arguments>
<msg timestamp="20210223 17:58:26.725" level="INFO">Current page contains text 'Invalid username or password'.</msg>
<status status="PASS" starttime="20210223 17:58:26.671" endtime="20210223 17:58:26.726"></status>
</kw>
<kw name="Sleep" library="BuiltIn">
<doc>Pauses the test executed for the given time.</doc>
<arguments>
<arg>2</arg>
</arguments>
<msg timestamp="20210223 17:58:28.732" level="INFO">Slept 2 seconds</msg>
<status status="PASS" starttime="20210223 17:58:26.730" endtime="20210223 17:58:28.734"></status>
</kw>
<status status="PASS" starttime="20210223 17:58:04.301" endtime="20210223 17:58:28.741"></status>
</kw>
<doc>This testcase validates the the sign in scenario on Jenkins UI Page with invalid credentials</doc>
<tags>
<tag>Invalid</tag>
</tags>
<status status="PASS" starttime="20210223 17:58:04.296" endtime="20210223 17:58:28.743" critical="yes"></status>
</test>
<kw name="Close Browsers" library="Keywords" type="teardown">
<kw name="Close All Browsers" library="SeleniumLibrary">
<doc>Closes all open browsers and resets the browser cache.</doc>
<status status="PASS" starttime="20210223 17:58:28.761" endtime="20210223 18:00:08.475"></status>
</kw>
<status status="PASS" starttime="20210223 17:58:28.759" endtime="20210223 18:00:08.475"></status>
</kw>
<doc>Testing to validate different use cases on Jenkins UI Page</doc>
<status status="PASS" starttime="20210223 17:54:51.532" endtime="20210223 18:00:08.475"></status>
</suite>
<statistics>
<total>
<stat pass="3" fail="0">Critical Tests</stat>
<stat pass="4" fail="0">All Tests</stat>
</total>
<tag>
<stat pass="1" fail="0" info="non-critical">NewItem</stat>
<stat pass="1" fail="0">Invalid</stat>
<stat pass="1" fail="0">Login</stat>
<stat pass="1" fail="0">Trigger</stat>
</tag>
<suite>
<stat pass="4" fail="0" id="s1" name="TestCases">TestCases</stat>
</suite>
</statistics>
<errors>
</errors>
</robot>
